[2023-09-28 14:16:31,934 INFO     viewpane] starting
[2023-09-28 14:16:31,940 INFO     viewpane] calling draw!
[2023-09-28 14:16:31,983 INFO     viewpane] writing 1305 lines into pad
[2023-09-28 14:16:32,285 INFO     viewpane] drawing pad
[2023-09-28 14:16:34,290 INFO     viewpane] calling draw!
[2023-09-28 14:16:34,321 INFO     viewpane] writing 1305 lines into pad
[2023-09-28 14:16:34,602 INFO     viewpane] drawing pad
[2023-09-28 14:16:36,307 INFO     viewpane] calling draw!
[2023-09-28 14:16:36,341 INFO     viewpane] writing 1305 lines into pad
[2023-09-28 14:16:36,655 INFO     viewpane] drawing pad
[2023-09-28 14:16:38,359 INFO     viewpane] calling draw!
[2023-09-28 14:16:38,395 INFO     viewpane] writing 1305 lines into pad
[2023-09-28 14:16:38,667 INFO     viewpane] drawing pad
[2023-09-28 14:16:40,372 INFO     viewpane] calling draw!
[2023-09-28 14:16:40,436 INFO     viewpane] writing 1305 lines into pad
[2023-09-28 14:16:40,745 INFO     viewpane] drawing pad
[2023-09-28 14:16:42,450 INFO     viewpane] calling draw!
[2023-09-28 14:16:42,498 INFO     viewpane] writing 1305 lines into pad
[2023-09-28 14:16:42,865 INFO     viewpane] drawing pad
[2023-09-28 14:16:44,470 INFO     viewpane] calling draw!
[2023-09-28 14:16:44,502 INFO     viewpane] writing 1305 lines into pad
[2023-09-28 14:16:44,813 INFO     viewpane] drawing pad
[2023-09-28 14:16:46,520 INFO     viewpane] calling draw!
[2023-09-28 14:16:46,551 INFO     viewpane] writing 1305 lines into pad
[2023-09-28 14:16:46,845 INFO     viewpane] drawing pad
[2023-09-28 14:16:48,550 INFO     viewpane] calling draw!
[2023-09-28 14:16:48,584 INFO     viewpane] writing 1305 lines into pad
[2023-09-28 14:16:48,885 INFO     viewpane] drawing pad
[2023-09-28 14:16:50,591 INFO     viewpane] calling draw!
[2023-09-28 14:16:50,633 INFO     viewpane] writing 1305 lines into pad
[2023-09-28 14:16:50,953 INFO     viewpane] drawing pad
[2023-09-28 14:16:52,659 INFO     viewpane] calling draw!
[2023-09-28 14:16:52,694 INFO     viewpane] writing 1305 lines into pad
[2023-09-28 14:16:53,066 INFO     viewpane] drawing pad
[2023-09-28 14:16:54,671 INFO     viewpane] calling draw!
[2023-09-28 14:16:54,727 INFO     viewpane] writing 1305 lines into pad
[2023-09-28 14:16:55,001 INFO     viewpane] drawing pad
[2023-09-28 14:16:56,417 INFO     viewpane] stopping
[2023-09-28 14:20:44,608 INFO     viewpane] starting
[2023-09-28 14:20:44,617 INFO     viewpane] calling draw!
[2023-09-28 14:20:44,657 INFO     viewpane] writing 1305 lines into pad
[2023-09-28 14:20:44,945 INFO     viewpane] drawing pad
[2023-09-28 14:20:46,951 INFO     viewpane] calling draw!
[2023-09-28 14:20:46,987 INFO     viewpane] writing 1305 lines into pad
[2023-09-28 14:20:47,311 INFO     viewpane] drawing pad
[2023-09-28 14:20:49,016 INFO     viewpane] calling draw!
[2023-09-28 14:20:49,058 INFO     viewpane] writing 1305 lines into pad
[2023-09-28 14:20:49,335 INFO     viewpane] drawing pad
[2023-09-28 14:20:51,039 INFO     viewpane] calling draw!
[2023-09-28 14:20:51,070 INFO     viewpane] writing 1305 lines into pad
[2023-09-28 14:20:51,349 INFO     viewpane] drawing pad
[2023-09-28 14:20:53,053 INFO     viewpane] calling draw!
[2023-09-28 14:20:53,087 INFO     viewpane] writing 1305 lines into pad
[2023-09-28 14:20:53,354 INFO     viewpane] drawing pad
[2023-09-28 14:20:55,057 INFO     viewpane] calling draw!
[2023-09-28 14:20:55,094 INFO     viewpane] writing 1305 lines into pad
[2023-09-28 14:20:55,451 INFO     viewpane] drawing pad
[2023-09-28 14:20:57,156 INFO     viewpane] calling draw!
[2023-09-28 14:20:57,192 INFO     viewpane] writing 1305 lines into pad
[2023-09-28 14:20:57,524 INFO     viewpane] drawing pad
[2023-09-28 14:20:59,229 INFO     viewpane] calling draw!
[2023-09-28 14:20:59,267 INFO     viewpane] writing 1305 lines into pad
[2023-09-28 14:20:59,586 INFO     viewpane] drawing pad
[2023-09-28 14:21:01,290 INFO     viewpane] calling draw!
[2023-09-28 14:21:01,342 INFO     viewpane] writing 1305 lines into pad
[2023-09-28 14:21:01,813 INFO     viewpane] drawing pad
[2023-09-28 14:21:03,317 INFO     viewpane] calling draw!
[2023-09-28 14:21:03,355 INFO     viewpane] writing 1305 lines into pad
[2023-09-28 14:21:03,647 INFO     viewpane] drawing pad
[2023-09-28 14:21:05,353 INFO     viewpane] calling draw!
[2023-09-28 14:21:05,382 INFO     viewpane] writing 1305 lines into pad
[2023-09-28 14:21:05,685 INFO     viewpane] drawing pad
[2023-09-28 14:21:07,397 INFO     viewpane] calling draw!
[2023-09-28 14:21:07,435 INFO     viewpane] writing 1305 lines into pad
[2023-09-28 14:21:07,738 INFO     viewpane] drawing pad
[2023-09-28 14:21:09,443 INFO     viewpane] calling draw!
[2023-09-28 14:21:09,480 INFO     viewpane] writing 1305 lines into pad
[2023-09-28 14:21:09,768 INFO     viewpane] drawing pad
[2023-09-28 14:21:11,472 INFO     viewpane] calling draw!
[2023-09-28 14:21:11,509 INFO     viewpane] writing 1305 lines into pad
[2023-09-28 14:21:11,769 INFO     viewpane] drawing pad
[2023-09-28 14:21:13,473 INFO     viewpane] calling draw!
[2023-09-28 14:21:13,525 INFO     viewpane] writing 1305 lines into pad
[2023-09-28 14:21:13,832 INFO     viewpane] drawing pad
[2023-09-28 14:21:15,537 INFO     viewpane] calling draw!
[2023-09-28 14:21:15,574 INFO     viewpane] writing 1305 lines into pad
[2023-09-28 14:21:15,854 INFO     viewpane] drawing pad
[2023-09-28 14:21:17,558 INFO     viewpane] calling draw!
[2023-09-28 14:21:17,605 INFO     viewpane] writing 1305 lines into pad
[2023-09-28 14:21:17,895 INFO     viewpane] drawing pad
[2023-09-28 14:21:19,599 INFO     viewpane] calling draw!
[2023-09-28 14:21:19,636 INFO     viewpane] writing 1305 lines into pad
[2023-09-28 14:21:19,953 INFO     viewpane] drawing pad
[2023-09-28 14:21:21,658 INFO     viewpane] calling draw!
[2023-09-28 14:21:21,690 INFO     viewpane] writing 1305 lines into pad
[2023-09-28 14:21:21,994 INFO     viewpane] drawing pad
[2023-09-28 14:21:23,697 INFO     viewpane] calling draw!
[2023-09-28 14:21:23,739 INFO     viewpane] writing 1305 lines into pad
[2023-09-28 14:21:24,108 INFO     viewpane] drawing pad
[2023-09-28 14:21:25,713 INFO     viewpane] calling draw!
[2023-09-28 14:21:25,745 INFO     viewpane] writing 1305 lines into pad
[2023-09-28 14:21:26,032 INFO     viewpane] drawing pad
[2023-09-28 14:21:27,736 INFO     viewpane] calling draw!
[2023-09-28 14:21:27,766 INFO     viewpane] writing 1305 lines into pad
[2023-09-28 14:21:28,078 INFO     viewpane] drawing pad
[2023-09-28 14:21:29,783 INFO     viewpane] calling draw!
[2023-09-28 14:21:29,815 INFO     viewpane] writing 1305 lines into pad
[2023-09-28 14:21:30,096 INFO     viewpane] drawing pad
[2023-09-28 14:21:31,800 INFO     viewpane] calling draw!
[2023-09-28 14:21:31,843 INFO     viewpane] writing 1305 lines into pad
[2023-09-28 14:21:32,134 INFO     viewpane] drawing pad
[2023-09-28 14:21:33,838 INFO     viewpane] calling draw!
[2023-09-28 14:21:33,874 INFO     viewpane] writing 1305 lines into pad
[2023-09-28 14:21:34,185 INFO     viewpane] drawing pad
[2023-09-28 14:21:35,890 INFO     viewpane] calling draw!
[2023-09-28 14:21:35,922 INFO     viewpane] writing 1305 lines into pad
[2023-09-28 14:21:36,196 INFO     viewpane] drawing pad
[2023-09-28 14:21:37,900 INFO     viewpane] calling draw!
[2023-09-28 14:21:37,937 INFO     viewpane] writing 1305 lines into pad
[2023-09-28 14:21:38,210 INFO     viewpane] drawing pad
[2023-09-28 14:21:39,914 INFO     viewpane] calling draw!
[2023-09-28 14:21:39,945 INFO     viewpane] writing 1305 lines into pad
[2023-09-28 14:21:40,227 INFO     viewpane] drawing pad
[2023-09-28 14:21:41,931 INFO     viewpane] calling draw!
[2023-09-28 14:21:41,964 INFO     viewpane] writing 1305 lines into pad
[2023-09-28 14:21:42,245 INFO     viewpane] drawing pad
[2023-09-28 14:21:43,950 INFO     viewpane] calling draw!
[2023-09-28 14:21:43,987 INFO     viewpane] writing 1305 lines into pad
[2023-09-28 14:21:44,261 INFO     viewpane] drawing pad
[2023-09-28 14:21:45,966 INFO     viewpane] calling draw!
[2023-09-28 14:21:46,010 INFO     viewpane] writing 1305 lines into pad
[2023-09-28 14:21:46,295 INFO     viewpane] drawing pad
[2023-09-28 14:21:47,999 INFO     viewpane] calling draw!
[2023-09-28 14:21:48,044 INFO     viewpane] writing 1305 lines into pad
[2023-09-28 14:21:48,387 INFO     viewpane] drawing pad
[2023-09-28 14:21:50,092 INFO     viewpane] calling draw!
[2023-09-28 14:21:50,127 INFO     viewpane] writing 1305 lines into pad
[2023-09-28 14:21:50,420 INFO     viewpane] drawing pad
[2023-09-28 14:21:52,124 INFO     viewpane] calling draw!
[2023-09-28 14:21:52,169 INFO     viewpane] writing 1305 lines into pad
[2023-09-28 14:21:52,524 INFO     viewpane] drawing pad
[2023-09-28 14:21:54,129 INFO     viewpane] calling draw!
[2023-09-28 14:21:54,159 INFO     viewpane] writing 1305 lines into pad
[2023-09-28 14:21:54,438 INFO     viewpane] drawing pad
[2023-09-28 14:21:56,142 INFO     viewpane] calling draw!
[2023-09-28 14:21:56,177 INFO     viewpane] writing 1305 lines into pad
[2023-09-28 14:21:56,469 INFO     viewpane] drawing pad
[2023-09-28 14:21:58,178 INFO     viewpane] calling draw!
[2023-09-28 14:21:58,214 INFO     viewpane] writing 1305 lines into pad
[2023-09-28 14:21:58,533 INFO     viewpane] drawing pad
[2023-09-28 14:22:00,237 INFO     viewpane] calling draw!
[2023-09-28 14:22:00,269 INFO     viewpane] writing 1305 lines into pad
[2023-09-28 14:22:00,605 INFO     viewpane] drawing pad
[2023-09-28 14:22:02,309 INFO     viewpane] calling draw!
[2023-09-28 14:22:02,341 INFO     viewpane] writing 1305 lines into pad
[2023-09-28 14:22:02,662 INFO     viewpane] drawing pad
[2023-09-28 14:22:04,366 INFO     viewpane] calling draw!
[2023-09-28 14:22:04,396 INFO     viewpane] writing 1305 lines into pad
[2023-09-28 14:22:04,680 INFO     viewpane] drawing pad
[2023-09-28 14:22:06,385 INFO     viewpane] calling draw!
[2023-09-28 14:22:06,420 INFO     viewpane] writing 1305 lines into pad
[2023-09-28 14:22:06,704 INFO     viewpane] drawing pad
[2023-09-28 14:22:08,408 INFO     viewpane] calling draw!
[2023-09-28 14:22:08,449 INFO     viewpane] writing 1305 lines into pad
[2023-09-28 14:22:08,745 INFO     viewpane] drawing pad
[2023-09-28 14:22:10,451 INFO     viewpane] calling draw!
[2023-09-28 14:22:10,481 INFO     viewpane] writing 1305 lines into pad
[2023-09-28 14:22:10,744 INFO     viewpane] drawing pad
[2023-09-28 14:22:12,551 INFO     viewpane] calling draw!
[2023-09-28 14:22:12,581 INFO     viewpane] writing 1305 lines into pad
[2023-09-28 14:22:12,905 INFO     viewpane] drawing pad
[2023-09-28 14:22:14,611 INFO     viewpane] calling draw!
[2023-09-28 14:22:14,648 INFO     viewpane] writing 1305 lines into pad
[2023-09-28 14:22:14,935 INFO     viewpane] drawing pad
[2023-09-28 14:22:16,639 INFO     viewpane] calling draw!
[2023-09-28 14:22:16,672 INFO     viewpane] writing 1305 lines into pad
[2023-09-28 14:22:16,936 INFO     viewpane] drawing pad
[2023-09-28 14:22:18,640 INFO     viewpane] calling draw!
[2023-09-28 14:22:18,673 INFO     viewpane] writing 1305 lines into pad
[2023-09-28 14:22:18,958 INFO     viewpane] drawing pad
[2023-09-28 14:22:20,662 INFO     viewpane] calling draw!
[2023-09-28 14:22:20,694 INFO     viewpane] writing 1305 lines into pad
[2023-09-28 14:22:20,990 INFO     viewpane] drawing pad
[2023-09-28 14:22:22,694 INFO     viewpane] calling draw!
[2023-09-28 14:22:22,727 INFO     viewpane] writing 1305 lines into pad
[2023-09-28 14:22:23,071 INFO     viewpane] drawing pad
[2023-09-28 14:22:24,775 INFO     viewpane] calling draw!
[2023-09-28 14:22:24,804 INFO     viewpane] writing 1305 lines into pad
[2023-09-28 14:22:25,124 INFO     viewpane] drawing pad
[2023-09-28 14:22:26,831 INFO     viewpane] calling draw!
[2023-09-28 14:22:26,865 INFO     viewpane] writing 1305 lines into pad
[2023-09-28 14:22:27,156 INFO     viewpane] drawing pad
[2023-09-28 14:22:28,865 INFO     viewpane] calling draw!
[2023-09-28 14:22:28,898 INFO     viewpane] writing 1305 lines into pad
[2023-09-28 14:22:29,174 INFO     viewpane] drawing pad
[2023-09-28 14:22:30,885 INFO     viewpane] calling draw!
[2023-09-28 14:22:30,920 INFO     viewpane] writing 1305 lines into pad
[2023-09-28 14:22:31,301 INFO     viewpane] drawing pad
[2023-09-28 14:22:32,906 INFO     viewpane] calling draw!
[2023-09-28 14:22:32,958 INFO     viewpane] writing 1305 lines into pad
[2023-09-28 14:22:33,277 INFO     viewpane] drawing pad
[2023-09-28 14:22:34,980 INFO     viewpane] calling draw!
[2023-09-28 14:22:35,014 INFO     viewpane] writing 1305 lines into pad
[2023-09-28 14:22:35,291 INFO     viewpane] drawing pad
[2023-09-28 14:22:36,995 INFO     viewpane] calling draw!
[2023-09-28 14:22:37,026 INFO     viewpane] writing 1305 lines into pad
[2023-09-28 14:22:37,313 INFO     viewpane] drawing pad
[2023-09-28 14:22:39,017 INFO     viewpane] calling draw!
[2023-09-28 14:22:39,048 INFO     viewpane] writing 1305 lines into pad
[2023-09-28 14:22:39,397 INFO     viewpane] drawing pad
[2023-09-28 14:22:41,101 INFO     viewpane] calling draw!
[2023-09-28 14:22:41,134 INFO     viewpane] writing 1305 lines into pad
[2023-09-28 14:22:41,393 INFO     viewpane] drawing pad
[2023-09-28 14:22:43,197 INFO     viewpane] calling draw!
[2023-09-28 14:22:43,230 INFO     viewpane] writing 1305 lines into pad
[2023-09-28 14:22:43,564 INFO     viewpane] drawing pad
[2023-09-28 14:22:45,269 INFO     viewpane] calling draw!
[2023-09-28 14:22:45,309 INFO     viewpane] writing 1305 lines into pad
[2023-09-28 14:22:45,592 INFO     viewpane] drawing pad
[2023-09-28 14:22:47,296 INFO     viewpane] calling draw!
[2023-09-28 14:22:47,337 INFO     viewpane] writing 1305 lines into pad
[2023-09-28 14:22:47,680 INFO     viewpane] drawing pad
[2023-09-28 14:22:49,383 INFO     viewpane] calling draw!
[2023-09-28 14:22:49,417 INFO     viewpane] writing 1305 lines into pad
[2023-09-28 14:22:49,731 INFO     viewpane] drawing pad
[2023-09-28 14:22:51,435 INFO     viewpane] calling draw!
[2023-09-28 14:22:51,471 INFO     viewpane] writing 1305 lines into pad
[2023-09-28 14:22:51,784 INFO     viewpane] drawing pad
[2023-09-28 14:22:53,494 INFO     viewpane] calling draw!
[2023-09-28 14:22:53,526 INFO     viewpane] writing 1305 lines into pad
[2023-09-28 14:22:53,835 INFO     viewpane] drawing pad
[2023-09-28 14:22:55,540 INFO     viewpane] calling draw!
[2023-09-28 14:22:55,569 INFO     viewpane] writing 1305 lines into pad
[2023-09-28 14:22:55,880 INFO     viewpane] drawing pad
[2023-09-28 14:22:57,592 INFO     viewpane] calling draw!
[2023-09-28 14:22:57,620 INFO     viewpane] writing 1305 lines into pad
[2023-09-28 14:22:57,904 INFO     viewpane] drawing pad
[2023-09-28 14:22:59,608 INFO     viewpane] calling draw!
[2023-09-28 14:22:59,640 INFO     viewpane] writing 1305 lines into pad
[2023-09-28 14:22:59,944 INFO     viewpane] drawing pad
[2023-09-28 14:23:01,651 INFO     viewpane] calling draw!
[2023-09-28 14:23:01,683 INFO     viewpane] writing 1305 lines into pad
[2023-09-28 14:23:01,998 INFO     viewpane] drawing pad
[2023-09-28 14:23:03,707 INFO     viewpane] calling draw!
[2023-09-28 14:23:03,750 INFO     viewpane] writing 1305 lines into pad
[2023-09-28 14:23:04,026 INFO     viewpane] drawing pad
[2023-09-28 14:23:05,730 INFO     viewpane] calling draw!
[2023-09-28 14:23:05,767 INFO     viewpane] writing 1305 lines into pad
[2023-09-28 14:23:06,187 INFO     viewpane] drawing pad
[2023-09-28 14:23:07,791 INFO     viewpane] calling draw!
[2023-09-28 14:23:07,820 INFO     viewpane] writing 1305 lines into pad
[2023-09-28 14:23:08,120 INFO     viewpane] drawing pad
[2023-09-28 14:23:09,824 INFO     viewpane] calling draw!
[2023-09-28 14:23:09,855 INFO     viewpane] writing 1305 lines into pad
[2023-09-28 14:23:10,123 INFO     viewpane] drawing pad
[2023-09-28 14:23:11,829 INFO     viewpane] calling draw!
[2023-09-28 14:23:11,878 INFO     viewpane] writing 1305 lines into pad
[2023-09-28 14:23:12,184 INFO     viewpane] drawing pad
[2023-09-28 14:23:13,888 INFO     viewpane] calling draw!
[2023-09-28 14:23:13,917 INFO     viewpane] writing 1305 lines into pad
[2023-09-28 14:23:14,216 INFO     viewpane] drawing pad
[2023-09-28 14:23:15,919 INFO     viewpane] calling draw!
[2023-09-28 14:23:15,952 INFO     viewpane] writing 1305 lines into pad
[2023-09-28 14:23:16,259 INFO     viewpane] drawing pad
[2023-09-28 14:23:17,963 INFO     viewpane] calling draw!
[2023-09-28 14:23:17,998 INFO     viewpane] writing 1305 lines into pad
[2023-09-28 14:23:18,271 INFO     viewpane] drawing pad
[2023-09-28 14:23:19,975 INFO     viewpane] calling draw!
[2023-09-28 14:23:20,011 INFO     viewpane] writing 1305 lines into pad
[2023-09-28 14:23:20,275 INFO     viewpane] drawing pad
[2023-09-28 14:23:21,981 INFO     viewpane] calling draw!
[2023-09-28 14:23:22,015 INFO     viewpane] writing 1305 lines into pad
[2023-09-28 14:23:22,362 INFO     viewpane] drawing pad
[2023-09-28 14:23:24,066 INFO     viewpane] calling draw!
[2023-09-28 14:23:24,117 INFO     viewpane] writing 1305 lines into pad
[2023-09-28 14:23:24,380 INFO     viewpane] drawing pad
[2023-09-28 14:23:26,083 INFO     viewpane] calling draw!
[2023-09-28 14:23:26,113 INFO     viewpane] writing 1305 lines into pad
[2023-09-28 14:23:26,421 INFO     viewpane] drawing pad
[2023-09-28 14:23:28,125 INFO     viewpane] calling draw!
[2023-09-28 14:23:28,157 INFO     viewpane] writing 1305 lines into pad
[2023-09-28 14:23:28,456 INFO     viewpane] drawing pad
[2023-09-28 14:23:30,160 INFO     viewpane] calling draw!
[2023-09-28 14:23:30,195 INFO     viewpane] writing 1305 lines into pad
[2023-09-28 14:23:30,472 INFO     viewpane] drawing pad
[2023-09-28 14:23:30,473 INFO     viewpane] moving pad coordinates to (1, 0)
[2023-09-28 14:23:30,473 INFO     viewpane] drawing pad
[2023-09-28 14:23:30,520 INFO     viewpane] moving pad coordinates to (2, 0)
[2023-09-28 14:23:30,520 INFO     viewpane] drawing pad
[2023-09-28 14:23:30,705 INFO     viewpane] moving pad coordinates to (3, 0)
[2023-09-28 14:23:30,705 INFO     viewpane] drawing pad
[2023-09-28 14:23:30,875 INFO     viewpane] moving pad coordinates to (4, 0)
[2023-09-28 14:23:30,875 INFO     viewpane] drawing pad
[2023-09-28 14:23:31,056 INFO     viewpane] moving pad coordinates to (5, 0)
[2023-09-28 14:23:31,057 INFO     viewpane] drawing pad
[2023-09-28 14:23:31,237 INFO     viewpane] moving pad coordinates to (6, 0)
[2023-09-28 14:23:31,237 INFO     viewpane] drawing pad
[2023-09-28 14:23:31,401 INFO     viewpane] moving pad coordinates to (7, 0)
[2023-09-28 14:23:31,402 INFO     viewpane] drawing pad
[2023-09-28 14:23:31,587 INFO     viewpane] moving pad coordinates to (8, 0)
[2023-09-28 14:23:31,587 INFO     viewpane] drawing pad
[2023-09-28 14:23:31,759 INFO     viewpane] moving pad coordinates to (9, 0)
[2023-09-28 14:23:31,759 INFO     viewpane] drawing pad
[2023-09-28 14:23:31,928 INFO     viewpane] moving pad coordinates to (10, 0)
[2023-09-28 14:23:31,928 INFO     viewpane] drawing pad
[2023-09-28 14:23:32,093 INFO     viewpane] moving pad coordinates to (11, 0)
[2023-09-28 14:23:32,094 INFO     viewpane] drawing pad
[2023-09-28 14:23:32,194 INFO     viewpane] calling draw!
[2023-09-28 14:23:32,225 INFO     viewpane] writing 1305 lines into pad
[2023-09-28 14:23:32,547 INFO     viewpane] drawing pad
[2023-09-28 14:23:32,547 INFO     viewpane] moving pad coordinates to (12, 0)
[2023-09-28 14:23:32,547 INFO     viewpane] drawing pad
[2023-09-28 14:23:32,548 INFO     viewpane] moving pad coordinates to (13, 0)
[2023-09-28 14:23:32,548 INFO     viewpane] drawing pad
[2023-09-28 14:23:32,652 INFO     viewpane] moving pad coordinates to (14, 0)
[2023-09-28 14:23:32,652 INFO     viewpane] drawing pad
[2023-09-28 14:23:32,840 INFO     viewpane] moving pad coordinates to (15, 0)
[2023-09-28 14:23:32,841 INFO     viewpane] drawing pad
[2023-09-28 14:23:33,030 INFO     viewpane] moving pad coordinates to (16, 0)
[2023-09-28 14:23:33,031 INFO     viewpane] drawing pad
[2023-09-28 14:23:33,228 INFO     viewpane] moving pad coordinates to (17, 0)
[2023-09-28 14:23:33,229 INFO     viewpane] drawing pad
[2023-09-28 14:23:33,411 INFO     viewpane] moving pad coordinates to (18, 0)
[2023-09-28 14:23:33,412 INFO     viewpane] drawing pad
[2023-09-28 14:23:33,598 INFO     viewpane] moving pad coordinates to (19, 0)
[2023-09-28 14:23:33,600 INFO     viewpane] drawing pad
[2023-09-28 14:23:33,787 INFO     viewpane] moving pad coordinates to (20, 0)
[2023-09-28 14:23:33,787 INFO     viewpane] drawing pad
[2023-09-28 14:23:33,946 INFO     viewpane] moving pad coordinates to (21, 0)
[2023-09-28 14:23:33,947 INFO     viewpane] drawing pad
[2023-09-28 14:23:34,172 INFO     viewpane] moving pad coordinates to (22, 0)
[2023-09-28 14:23:34,172 INFO     viewpane] drawing pad
[2023-09-28 14:23:34,273 INFO     viewpane] calling draw!
[2023-09-28 14:23:34,310 INFO     viewpane] writing 1305 lines into pad
[2023-09-28 14:23:34,611 INFO     viewpane] drawing pad
[2023-09-28 14:23:36,315 INFO     viewpane] calling draw!
[2023-09-28 14:23:36,360 INFO     viewpane] writing 1305 lines into pad
[2023-09-28 14:23:36,607 INFO     viewpane] drawing pad
[2023-09-28 14:23:37,534 INFO     viewpane] moving pad coordinates to (21, 0)
[2023-09-28 14:23:37,535 INFO     viewpane] drawing pad
[2023-09-28 14:23:38,041 INFO     viewpane] moving pad coordinates to (20, 0)
[2023-09-28 14:23:38,041 INFO     viewpane] drawing pad
[2023-09-28 14:23:38,084 INFO     viewpane] moving pad coordinates to (19, 0)
[2023-09-28 14:23:38,085 INFO     viewpane] drawing pad
[2023-09-28 14:23:38,110 INFO     viewpane] moving pad coordinates to (18, 0)
[2023-09-28 14:23:38,110 INFO     viewpane] drawing pad
[2023-09-28 14:23:38,160 INFO     viewpane] moving pad coordinates to (17, 0)
[2023-09-28 14:23:38,160 INFO     viewpane] drawing pad
[2023-09-28 14:23:38,189 INFO     viewpane] moving pad coordinates to (16, 0)
[2023-09-28 14:23:38,190 INFO     viewpane] drawing pad
[2023-09-28 14:23:38,227 INFO     viewpane] moving pad coordinates to (15, 0)
[2023-09-28 14:23:38,227 INFO     viewpane] drawing pad
[2023-09-28 14:23:38,256 INFO     viewpane] moving pad coordinates to (14, 0)
[2023-09-28 14:23:38,256 INFO     viewpane] drawing pad
[2023-09-28 14:23:38,282 INFO     viewpane] moving pad coordinates to (13, 0)
[2023-09-28 14:23:38,282 INFO     viewpane] drawing pad
[2023-09-28 14:23:38,335 INFO     viewpane] moving pad coordinates to (12, 0)
[2023-09-28 14:23:38,336 INFO     viewpane] drawing pad
[2023-09-28 14:23:38,336 INFO     viewpane] calling draw!
[2023-09-28 14:23:38,381 INFO     viewpane] writing 1305 lines into pad
[2023-09-28 14:23:38,684 INFO     viewpane] drawing pad
[2023-09-28 14:23:38,685 INFO     viewpane] moving pad coordinates to (11, 0)
[2023-09-28 14:23:38,685 INFO     viewpane] drawing pad
[2023-09-28 14:23:38,685 INFO     viewpane] moving pad coordinates to (10, 0)
[2023-09-28 14:23:38,685 INFO     viewpane] drawing pad
[2023-09-28 14:23:38,686 INFO     viewpane] moving pad coordinates to (9, 0)
[2023-09-28 14:23:38,686 INFO     viewpane] drawing pad
[2023-09-28 14:23:38,686 INFO     viewpane] moving pad coordinates to (8, 0)
[2023-09-28 14:23:38,686 INFO     viewpane] drawing pad
[2023-09-28 14:23:38,686 INFO     viewpane] moving pad coordinates to (7, 0)
[2023-09-28 14:23:38,686 INFO     viewpane] drawing pad
[2023-09-28 14:23:38,686 INFO     viewpane] moving pad coordinates to (6, 0)
[2023-09-28 14:23:38,686 INFO     viewpane] drawing pad
[2023-09-28 14:23:38,687 INFO     viewpane] moving pad coordinates to (5, 0)
[2023-09-28 14:23:38,687 INFO     viewpane] drawing pad
[2023-09-28 14:23:38,687 INFO     viewpane] moving pad coordinates to (4, 0)
[2023-09-28 14:23:38,687 INFO     viewpane] drawing pad
[2023-09-28 14:23:38,687 INFO     viewpane] moving pad coordinates to (3, 0)
[2023-09-28 14:23:38,688 INFO     viewpane] drawing pad
[2023-09-28 14:23:38,688 INFO     viewpane] moving pad coordinates to (2, 0)
[2023-09-28 14:23:38,688 INFO     viewpane] drawing pad
[2023-09-28 14:23:38,688 INFO     viewpane] moving pad coordinates to (1, 0)
[2023-09-28 14:23:38,688 INFO     viewpane] drawing pad
[2023-09-28 14:23:38,713 INFO     viewpane] moving pad coordinates to (0, 0)
[2023-09-28 14:23:38,713 INFO     viewpane] drawing pad
[2023-09-28 14:23:38,735 INFO     viewpane] moving pad coordinates to (0, 0)
[2023-09-28 14:23:38,735 INFO     viewpane] drawing pad
[2023-09-28 14:23:38,773 INFO     viewpane] moving pad coordinates to (0, 0)
[2023-09-28 14:23:38,773 INFO     viewpane] drawing pad
[2023-09-28 14:23:38,806 INFO     viewpane] moving pad coordinates to (0, 0)
[2023-09-28 14:23:38,806 INFO     viewpane] drawing pad
[2023-09-28 14:23:38,837 INFO     viewpane] moving pad coordinates to (0, 0)
[2023-09-28 14:23:38,837 INFO     viewpane] drawing pad
[2023-09-28 14:23:38,868 INFO     viewpane] moving pad coordinates to (0, 0)
[2023-09-28 14:23:38,869 INFO     viewpane] drawing pad
[2023-09-28 14:23:38,902 INFO     viewpane] moving pad coordinates to (0, 0)
[2023-09-28 14:23:38,902 INFO     viewpane] drawing pad
[2023-09-28 14:23:38,928 INFO     viewpane] moving pad coordinates to (0, 0)
[2023-09-28 14:23:38,928 INFO     viewpane] drawing pad
[2023-09-28 14:23:38,960 INFO     viewpane] moving pad coordinates to (0, 0)
[2023-09-28 14:23:38,960 INFO     viewpane] drawing pad
[2023-09-28 14:23:38,994 INFO     viewpane] moving pad coordinates to (0, 0)
[2023-09-28 14:23:38,994 INFO     viewpane] drawing pad
[2023-09-28 14:23:39,037 INFO     viewpane] moving pad coordinates to (0, 0)
[2023-09-28 14:23:39,038 INFO     viewpane] drawing pad
[2023-09-28 14:23:39,070 INFO     viewpane] moving pad coordinates to (0, 0)
[2023-09-28 14:23:39,071 INFO     viewpane] drawing pad
[2023-09-28 14:23:39,103 INFO     viewpane] moving pad coordinates to (0, 0)
[2023-09-28 14:23:39,103 INFO     viewpane] drawing pad
[2023-09-28 14:23:40,406 INFO     viewpane] calling draw!
[2023-09-28 14:23:40,437 INFO     viewpane] writing 1305 lines into pad
[2023-09-28 14:23:40,751 INFO     viewpane] drawing pad
[2023-09-28 14:23:42,457 INFO     viewpane] calling draw!
[2023-09-28 14:23:42,499 INFO     viewpane] writing 1305 lines into pad
[2023-09-28 14:23:42,891 INFO     viewpane] drawing pad
[2023-09-28 14:23:44,495 INFO     viewpane] calling draw!
[2023-09-28 14:23:44,528 INFO     viewpane] writing 1305 lines into pad
[2023-09-28 14:23:44,782 INFO     viewpane] drawing pad
[2023-09-28 14:23:46,586 INFO     viewpane] calling draw!
[2023-09-28 14:23:46,616 INFO     viewpane] writing 1305 lines into pad
[2023-09-28 14:23:46,907 INFO     viewpane] drawing pad
[2023-09-28 14:23:48,611 INFO     viewpane] calling draw!
[2023-09-28 14:23:48,672 INFO     viewpane] writing 1305 lines into pad
[2023-09-28 14:23:48,952 INFO     viewpane] drawing pad
[2023-09-28 14:23:50,660 INFO     viewpane] calling draw!
[2023-09-28 14:23:50,699 INFO     viewpane] writing 1305 lines into pad
[2023-09-28 14:23:51,008 INFO     viewpane] drawing pad
[2023-09-28 14:23:52,714 INFO     viewpane] calling draw!
[2023-09-28 14:23:52,745 INFO     viewpane] writing 1305 lines into pad
[2023-09-28 14:23:53,007 INFO     viewpane] drawing pad
[2023-09-28 14:23:54,811 INFO     viewpane] calling draw!
[2023-09-28 14:23:54,843 INFO     viewpane] writing 1305 lines into pad
[2023-09-28 14:23:55,119 INFO     viewpane] drawing pad
[2023-09-28 14:23:56,823 INFO     viewpane] calling draw!
[2023-09-28 14:23:56,853 INFO     viewpane] writing 1305 lines into pad
[2023-09-28 14:23:57,127 INFO     viewpane] drawing pad
[2023-09-28 14:23:58,833 INFO     viewpane] calling draw!
[2023-09-28 14:23:58,866 INFO     viewpane] writing 1305 lines into pad
[2023-09-28 14:23:59,137 INFO     viewpane] drawing pad
[2023-09-28 14:24:00,842 INFO     viewpane] calling draw!
[2023-09-28 14:24:00,878 INFO     viewpane] writing 1305 lines into pad
[2023-09-28 14:24:01,175 INFO     viewpane] drawing pad
[2023-09-28 14:24:02,880 INFO     viewpane] calling draw!
[2023-09-28 14:24:02,916 INFO     viewpane] writing 1305 lines into pad
[2023-09-28 14:24:03,210 INFO     viewpane] drawing pad
[2023-09-28 14:24:04,916 INFO     viewpane] calling draw!
[2023-09-28 14:24:04,949 INFO     viewpane] writing 1305 lines into pad
[2023-09-28 14:24:05,273 INFO     viewpane] drawing pad
[2023-09-28 14:24:06,977 INFO     viewpane] calling draw!
[2023-09-28 14:24:07,013 INFO     viewpane] writing 1305 lines into pad
[2023-09-28 14:24:07,326 INFO     viewpane] drawing pad
[2023-09-28 14:24:09,030 INFO     viewpane] calling draw!
[2023-09-28 14:24:09,059 INFO     viewpane] writing 1305 lines into pad
[2023-09-28 14:24:09,356 INFO     viewpane] drawing pad
[2023-09-28 14:24:11,062 INFO     viewpane] calling draw!
[2023-09-28 14:24:11,098 INFO     viewpane] writing 1305 lines into pad
[2023-09-28 14:24:11,359 INFO     viewpane] drawing pad
[2023-09-28 14:24:13,064 INFO     viewpane] calling draw!
[2023-09-28 14:24:13,107 INFO     viewpane] writing 1305 lines into pad
[2023-09-28 14:24:13,428 INFO     viewpane] drawing pad
[2023-09-28 14:24:15,134 INFO     viewpane] calling draw!
[2023-09-28 14:24:15,167 INFO     viewpane] writing 1305 lines into pad
[2023-09-28 14:24:15,461 INFO     viewpane] drawing pad
[2023-09-28 14:24:17,166 INFO     viewpane] calling draw!
[2023-09-28 14:24:17,200 INFO     viewpane] writing 1305 lines into pad
[2023-09-28 14:24:17,551 INFO     viewpane] drawing pad
[2023-09-28 14:24:19,255 INFO     viewpane] calling draw!
[2023-09-28 14:24:19,284 INFO     viewpane] writing 1305 lines into pad
[2023-09-28 14:24:19,590 INFO     viewpane] drawing pad
[2023-09-28 14:24:21,294 INFO     viewpane] calling draw!
[2023-09-28 14:24:21,322 INFO     viewpane] writing 1305 lines into pad
[2023-09-28 14:24:21,574 INFO     viewpane] drawing pad
[2023-09-28 14:24:23,378 INFO     viewpane] calling draw!
[2023-09-28 14:24:23,407 INFO     viewpane] writing 1305 lines into pad
[2023-09-28 14:24:23,709 INFO     viewpane] drawing pad
[2023-09-28 14:24:25,414 INFO     viewpane] calling draw!
[2023-09-28 14:24:25,449 INFO     viewpane] writing 1305 lines into pad
[2023-09-28 14:24:25,835 INFO     viewpane] drawing pad
[2023-09-28 14:24:27,439 INFO     viewpane] calling draw!
[2023-09-28 14:24:27,469 INFO     viewpane] writing 1305 lines into pad
[2023-09-28 14:24:27,766 INFO     viewpane] drawing pad
[2023-09-28 14:24:29,469 INFO     viewpane] calling draw!
[2023-09-28 14:24:29,500 INFO     viewpane] writing 1305 lines into pad
[2023-09-28 14:24:29,800 INFO     viewpane] drawing pad
[2023-09-28 14:24:31,504 INFO     viewpane] calling draw!
[2023-09-28 14:24:31,548 INFO     viewpane] writing 1305 lines into pad
[2023-09-28 14:24:31,826 INFO     viewpane] drawing pad
[2023-09-28 14:24:33,534 INFO     viewpane] calling draw!
[2023-09-28 14:24:33,566 INFO     viewpane] writing 1305 lines into pad
[2023-09-28 14:24:33,843 INFO     viewpane] drawing pad
[2023-09-28 14:24:35,546 INFO     viewpane] calling draw!
[2023-09-28 14:24:35,592 INFO     viewpane] writing 1305 lines into pad
[2023-09-28 14:24:35,897 INFO     viewpane] drawing pad
[2023-09-28 14:24:37,602 INFO     viewpane] calling draw!
[2023-09-28 14:24:37,636 INFO     viewpane] writing 1305 lines into pad
[2023-09-28 14:24:37,891 INFO     viewpane] drawing pad
[2023-09-28 14:24:39,695 INFO     viewpane] calling draw!
[2023-09-28 14:24:39,736 INFO     viewpane] writing 1305 lines into pad
[2023-09-28 14:24:40,039 INFO     viewpane] drawing pad
[2023-09-28 14:24:41,744 INFO     viewpane] calling draw!
[2023-09-28 14:24:41,781 INFO     viewpane] writing 1305 lines into pad
[2023-09-28 14:24:42,040 INFO     viewpane] drawing pad
[2023-09-28 14:24:43,844 INFO     viewpane] calling draw!
[2023-09-28 14:24:43,880 INFO     viewpane] writing 1305 lines into pad
[2023-09-28 14:24:44,146 INFO     viewpane] drawing pad
[2023-09-28 14:24:45,850 INFO     viewpane] calling draw!
[2023-09-28 14:24:45,888 INFO     viewpane] writing 1305 lines into pad
[2023-09-28 14:24:46,188 INFO     viewpane] drawing pad
[2023-09-28 14:24:47,893 INFO     viewpane] calling draw!
[2023-09-28 14:24:47,931 INFO     viewpane] writing 1305 lines into pad
[2023-09-28 14:24:48,221 INFO     viewpane] drawing pad
[2023-09-28 14:24:49,927 INFO     viewpane] calling draw!
[2023-09-28 14:24:49,955 INFO     viewpane] writing 1305 lines into pad
[2023-09-28 14:24:50,242 INFO     viewpane] drawing pad
[2023-09-28 14:24:51,946 INFO     viewpane] calling draw!
[2023-09-28 14:24:51,976 INFO     viewpane] writing 1305 lines into pad
[2023-09-28 14:24:52,246 INFO     viewpane] drawing pad
[2023-09-28 14:24:53,953 INFO     viewpane] calling draw!
[2023-09-28 14:24:53,993 INFO     viewpane] writing 1305 lines into pad
[2023-09-28 14:24:54,310 INFO     viewpane] drawing pad
[2023-09-28 14:24:56,014 INFO     viewpane] calling draw!
[2023-09-28 14:24:56,050 INFO     viewpane] writing 1305 lines into pad
[2023-09-28 14:24:56,343 INFO     viewpane] drawing pad
[2023-09-28 14:24:58,047 INFO     viewpane] calling draw!
[2023-09-28 14:24:58,079 INFO     viewpane] writing 1305 lines into pad
[2023-09-28 14:24:58,356 INFO     viewpane] drawing pad
[2023-09-28 14:25:00,060 INFO     viewpane] calling draw!
[2023-09-28 14:25:00,098 INFO     viewpane] writing 1305 lines into pad
[2023-09-28 14:25:00,388 INFO     viewpane] drawing pad
[2023-09-28 14:25:02,093 INFO     viewpane] calling draw!
[2023-09-28 14:25:02,135 INFO     viewpane] writing 1305 lines into pad
[2023-09-28 14:25:02,412 INFO     viewpane] drawing pad
[2023-09-28 14:25:04,116 INFO     viewpane] calling draw!
[2023-09-28 14:25:04,170 INFO     viewpane] writing 1305 lines into pad
[2023-09-28 14:25:04,487 INFO     viewpane] drawing pad
[2023-09-28 14:25:06,192 INFO     viewpane] calling draw!
[2023-09-28 14:25:06,220 INFO     viewpane] writing 1305 lines into pad
[2023-09-28 14:25:06,590 INFO     viewpane] drawing pad
[2023-09-28 14:25:08,194 INFO     viewpane] calling draw!
[2023-09-28 14:25:08,224 INFO     viewpane] writing 1305 lines into pad
[2023-09-28 14:25:08,510 INFO     viewpane] drawing pad
[2023-09-28 14:25:10,214 INFO     viewpane] calling draw!
[2023-09-28 14:25:10,254 INFO     viewpane] writing 1305 lines into pad
[2023-09-28 14:25:10,530 INFO     viewpane] drawing pad
[2023-09-28 14:25:12,234 INFO     viewpane] calling draw!
[2023-09-28 14:25:12,274 INFO     viewpane] writing 1305 lines into pad
[2023-09-28 14:25:12,553 INFO     viewpane] drawing pad
[2023-09-28 14:25:14,257 INFO     viewpane] calling draw!
[2023-09-28 14:25:14,291 INFO     viewpane] writing 1305 lines into pad
[2023-09-28 14:25:14,628 INFO     viewpane] drawing pad
[2023-09-28 14:25:16,332 INFO     viewpane] calling draw!
[2023-09-28 14:25:16,365 INFO     viewpane] writing 1305 lines into pad
[2023-09-28 14:25:16,671 INFO     viewpane] drawing pad
[2023-09-28 14:25:18,375 INFO     viewpane] calling draw!
[2023-09-28 14:25:18,407 INFO     viewpane] writing 1305 lines into pad
[2023-09-28 14:25:18,667 INFO     viewpane] drawing pad
[2023-09-28 14:25:20,472 INFO     viewpane] calling draw!
[2023-09-28 14:25:20,502 INFO     viewpane] writing 1305 lines into pad
[2023-09-28 14:25:20,829 INFO     viewpane] drawing pad
[2023-09-28 14:25:22,534 INFO     viewpane] calling draw!
[2023-09-28 14:25:22,564 INFO     viewpane] writing 1305 lines into pad
[2023-09-28 14:25:22,880 INFO     viewpane] drawing pad
[2023-09-28 14:25:24,585 INFO     viewpane] calling draw!
[2023-09-28 14:25:24,622 INFO     viewpane] writing 1305 lines into pad
[2023-09-28 14:25:24,890 INFO     viewpane] drawing pad
[2023-09-28 14:25:26,595 INFO     viewpane] calling draw!
[2023-09-28 14:25:26,624 INFO     viewpane] writing 1305 lines into pad
[2023-09-28 14:25:26,933 INFO     viewpane] drawing pad
[2023-09-28 14:25:28,637 INFO     viewpane] calling draw!
[2023-09-28 14:25:28,668 INFO     viewpane] writing 1305 lines into pad
[2023-09-28 14:25:28,971 INFO     viewpane] drawing pad
[2023-09-28 14:25:30,675 INFO     viewpane] calling draw!
[2023-09-28 14:25:30,704 INFO     viewpane] writing 1305 lines into pad
[2023-09-28 14:25:31,068 INFO     viewpane] drawing pad
[2023-09-28 14:25:32,773 INFO     viewpane] calling draw!
[2023-09-28 14:25:32,808 INFO     viewpane] writing 1305 lines into pad
[2023-09-28 14:25:33,101 INFO     viewpane] drawing pad
[2023-09-28 14:25:34,805 INFO     viewpane] calling draw!
[2023-09-28 14:25:34,838 INFO     viewpane] writing 1305 lines into pad
[2023-09-28 14:25:35,167 INFO     viewpane] drawing pad
[2023-09-28 14:25:36,871 INFO     viewpane] calling draw!
[2023-09-28 14:25:36,910 INFO     viewpane] writing 1305 lines into pad
[2023-09-28 14:25:37,245 INFO     viewpane] drawing pad
[2023-09-28 14:25:38,949 INFO     viewpane] calling draw!
[2023-09-28 14:25:38,982 INFO     viewpane] writing 1305 lines into pad
[2023-09-28 14:25:39,313 INFO     viewpane] drawing pad
[2023-09-28 14:25:41,019 INFO     viewpane] calling draw!
[2023-09-28 14:25:41,056 INFO     viewpane] writing 1305 lines into pad
[2023-09-28 14:25:41,337 INFO     viewpane] drawing pad
[2023-09-28 14:25:43,041 INFO     viewpane] calling draw!
[2023-09-28 14:25:43,073 INFO     viewpane] writing 1305 lines into pad
[2023-09-28 14:25:43,396 INFO     viewpane] drawing pad
[2023-09-28 14:25:45,101 INFO     viewpane] calling draw!
[2023-09-28 14:25:45,132 INFO     viewpane] writing 1305 lines into pad
[2023-09-28 14:25:45,432 INFO     viewpane] drawing pad
[2023-09-28 14:25:45,474 INFO     viewpane] stopping
[2023-09-28 14:28:40,645 INFO     viewpane] starting
[2023-09-28 14:28:40,656 INFO     viewpane] calling draw!
[2023-09-28 14:28:40,699 INFO     viewpane] writing 1305 lines into pad
[2023-09-28 14:28:41,000 INFO     viewpane] drawing pad
[2023-09-28 14:28:43,006 INFO     viewpane] calling draw!
[2023-09-28 14:28:43,036 INFO     viewpane] writing 1305 lines into pad
[2023-09-28 14:28:43,323 INFO     viewpane] drawing pad
[2023-09-28 14:28:45,027 INFO     viewpane] calling draw!
[2023-09-28 14:28:45,059 INFO     viewpane] writing 1305 lines into pad
[2023-09-28 14:28:45,375 INFO     viewpane] drawing pad
[2023-09-28 14:28:47,078 INFO     viewpane] calling draw!
[2023-09-28 14:28:47,113 INFO     viewpane] writing 1305 lines into pad
[2023-09-28 14:28:47,417 INFO     viewpane] drawing pad
[2023-09-28 14:28:49,121 INFO     viewpane] calling draw!
[2023-09-28 14:28:49,153 INFO     viewpane] writing 1305 lines into pad
[2023-09-28 14:28:49,456 INFO     viewpane] drawing pad
[2023-09-28 14:28:51,162 INFO     viewpane] calling draw!
[2023-09-28 14:28:51,195 INFO     viewpane] writing 1305 lines into pad
[2023-09-28 14:28:51,488 INFO     viewpane] drawing pad
[2023-09-28 14:28:53,192 INFO     viewpane] calling draw!
[2023-09-28 14:28:53,245 INFO     viewpane] writing 1305 lines into pad
[2023-09-28 14:28:53,554 INFO     viewpane] drawing pad
[2023-09-28 14:28:55,260 INFO     viewpane] calling draw!
[2023-09-28 14:28:55,294 INFO     viewpane] writing 1305 lines into pad
[2023-09-28 14:28:55,569 INFO     viewpane] drawing pad
[2023-09-28 14:28:57,274 INFO     viewpane] calling draw!
[2023-09-28 14:28:57,307 INFO     viewpane] writing 1305 lines into pad
[2023-09-28 14:28:57,616 INFO     viewpane] drawing pad
[2023-09-28 14:28:59,321 INFO     viewpane] calling draw!
[2023-09-28 14:28:59,353 INFO     viewpane] writing 1305 lines into pad
[2023-09-28 14:28:59,613 INFO     viewpane] drawing pad
[2023-09-28 14:29:01,418 INFO     viewpane] calling draw!
[2023-09-28 14:29:01,448 INFO     viewpane] writing 1305 lines into pad
[2023-09-28 14:29:01,724 INFO     viewpane] drawing pad
[2023-09-28 14:29:03,430 INFO     viewpane] calling draw!
[2023-09-28 14:29:03,466 INFO     viewpane] writing 1305 lines into pad
[2023-09-28 14:29:03,764 INFO     viewpane] drawing pad
[2023-09-28 14:29:05,468 INFO     viewpane] calling draw!
[2023-09-28 14:29:05,500 INFO     viewpane] writing 1305 lines into pad
[2023-09-28 14:29:05,801 INFO     viewpane] drawing pad
[2023-09-28 14:29:07,505 INFO     viewpane] calling draw!
[2023-09-28 14:29:07,540 INFO     viewpane] writing 1305 lines into pad
[2023-09-28 14:29:07,817 INFO     viewpane] drawing pad
[2023-09-28 14:29:09,522 INFO     viewpane] calling draw!
[2023-09-28 14:29:09,551 INFO     viewpane] writing 1305 lines into pad
[2023-09-28 14:29:09,878 INFO     viewpane] drawing pad
[2023-09-28 14:29:11,582 INFO     viewpane] calling draw!
[2023-09-28 14:29:11,616 INFO     viewpane] writing 1305 lines into pad
[2023-09-28 14:29:12,013 INFO     viewpane] drawing pad
[2023-09-28 14:29:13,618 INFO     viewpane] calling draw!
[2023-09-28 14:29:13,646 INFO     viewpane] writing 1305 lines into pad
[2023-09-28 14:29:13,950 INFO     viewpane] drawing pad
[2023-09-28 14:29:15,654 INFO     viewpane] calling draw!
[2023-09-28 14:29:15,698 INFO     viewpane] writing 1305 lines into pad
[2023-09-28 14:29:15,992 INFO     viewpane] drawing pad
[2023-09-28 14:29:17,696 INFO     viewpane] calling draw!
[2023-09-28 14:29:17,732 INFO     viewpane] writing 1305 lines into pad
[2023-09-28 14:29:17,989 INFO     viewpane] drawing pad
[2023-09-28 14:29:19,796 INFO     viewpane] calling draw!
[2023-09-28 14:29:19,832 INFO     viewpane] writing 1305 lines into pad
[2023-09-28 14:29:20,156 INFO     viewpane] drawing pad
[2023-09-28 14:29:21,860 INFO     viewpane] calling draw!
[2023-09-28 14:29:21,891 INFO     viewpane] writing 1305 lines into pad
[2023-09-28 14:29:22,223 INFO     viewpane] drawing pad
[2023-09-28 14:29:23,928 INFO     viewpane] calling draw!
[2023-09-28 14:29:23,962 INFO     viewpane] writing 1305 lines into pad
[2023-09-28 14:29:24,319 INFO     viewpane] drawing pad
[2023-09-28 14:29:26,024 INFO     viewpane] calling draw!
[2023-09-28 14:29:26,054 INFO     viewpane] writing 1305 lines into pad
[2023-09-28 14:29:26,331 INFO     viewpane] drawing pad
[2023-09-28 14:29:28,035 INFO     viewpane] calling draw!
[2023-09-28 14:29:28,087 INFO     viewpane] writing 1305 lines into pad
[2023-09-28 14:29:28,383 INFO     viewpane] drawing pad
[2023-09-28 14:29:30,087 INFO     viewpane] calling draw!
[2023-09-28 14:29:30,124 INFO     viewpane] writing 1305 lines into pad
[2023-09-28 14:29:30,438 INFO     viewpane] drawing pad
[2023-09-28 14:29:32,142 INFO     viewpane] calling draw!
[2023-09-28 14:29:32,182 INFO     viewpane] writing 1305 lines into pad
[2023-09-28 14:29:32,479 INFO     viewpane] drawing pad
[2023-09-28 14:29:34,183 INFO     viewpane] calling draw!
[2023-09-28 14:29:34,225 INFO     viewpane] writing 1305 lines into pad
[2023-09-28 14:29:34,540 INFO     viewpane] drawing pad
[2023-09-28 14:29:36,244 INFO     viewpane] calling draw!
[2023-09-28 14:29:36,280 INFO     viewpane] writing 1305 lines into pad
[2023-09-28 14:29:36,576 INFO     viewpane] drawing pad
[2023-09-28 14:29:38,280 INFO     viewpane] calling draw!
[2023-09-28 14:29:38,316 INFO     viewpane] writing 1305 lines into pad
[2023-09-28 14:29:38,595 INFO     viewpane] drawing pad
[2023-09-28 14:29:40,304 INFO     viewpane] calling draw!
[2023-09-28 14:29:40,333 INFO     viewpane] writing 1305 lines into pad
[2023-09-28 14:29:40,593 INFO     viewpane] drawing pad
[2023-09-28 14:29:42,399 INFO     viewpane] calling draw!
[2023-09-28 14:29:42,432 INFO     viewpane] writing 1305 lines into pad
[2023-09-28 14:29:42,753 INFO     viewpane] drawing pad
[2023-09-28 14:29:44,457 INFO     viewpane] calling draw!
[2023-09-28 14:29:44,484 INFO     viewpane] writing 1305 lines into pad
[2023-09-28 14:29:44,795 INFO     viewpane] drawing pad
[2023-09-28 14:29:46,499 INFO     viewpane] calling draw!
[2023-09-28 14:29:46,527 INFO     viewpane] writing 1305 lines into pad
[2023-09-28 14:29:46,873 INFO     viewpane] drawing pad
[2023-09-28 14:29:48,577 INFO     viewpane] calling draw!
[2023-09-28 14:29:48,606 INFO     viewpane] writing 1305 lines into pad
[2023-09-28 14:29:48,928 INFO     viewpane] drawing pad
[2023-09-28 14:29:50,632 INFO     viewpane] calling draw!
[2023-09-28 14:29:50,664 INFO     viewpane] writing 1305 lines into pad
[2023-09-28 14:29:50,961 INFO     viewpane] drawing pad
[2023-09-28 14:29:52,665 INFO     viewpane] calling draw!
[2023-09-28 14:29:52,698 INFO     viewpane] writing 1305 lines into pad
[2023-09-28 14:29:52,972 INFO     viewpane] drawing pad
[2023-09-28 14:29:54,676 INFO     viewpane] calling draw!
[2023-09-28 14:29:54,711 INFO     viewpane] writing 1305 lines into pad
[2023-09-28 14:29:55,028 INFO     viewpane] drawing pad
[2023-09-28 14:29:56,732 INFO     viewpane] calling draw!
[2023-09-28 14:29:56,764 INFO     viewpane] writing 1305 lines into pad
[2023-09-28 14:29:57,103 INFO     viewpane] drawing pad
[2023-09-28 14:29:58,807 INFO     viewpane] calling draw!
[2023-09-28 14:29:58,841 INFO     viewpane] writing 1305 lines into pad
[2023-09-28 14:29:59,135 INFO     viewpane] drawing pad
[2023-09-28 14:30:00,840 INFO     viewpane] calling draw!
[2023-09-28 14:30:00,888 INFO     viewpane] writing 1305 lines into pad
[2023-09-28 14:30:01,239 INFO     viewpane] drawing pad
[2023-09-28 14:30:02,843 INFO     viewpane] calling draw!
[2023-09-28 14:30:02,909 INFO     viewpane] writing 1305 lines into pad
[2023-09-28 14:30:03,336 INFO     viewpane] drawing pad
[2023-09-28 14:30:04,941 INFO     viewpane] calling draw!
[2023-09-28 14:30:04,987 INFO     viewpane] writing 1305 lines into pad
[2023-09-28 14:30:05,315 INFO     viewpane] drawing pad
[2023-09-28 14:30:07,024 INFO     viewpane] calling draw!
[2023-09-28 14:30:07,074 INFO     viewpane] writing 1305 lines into pad
[2023-09-28 14:30:07,351 INFO     viewpane] drawing pad
[2023-09-28 14:30:09,055 INFO     viewpane] calling draw!
[2023-09-28 14:30:09,104 INFO     viewpane] writing 1305 lines into pad
[2023-09-28 14:30:09,424 INFO     viewpane] drawing pad
[2023-09-28 14:30:11,128 INFO     viewpane] calling draw!
[2023-09-28 14:30:11,183 INFO     viewpane] writing 1305 lines into pad
[2023-09-28 14:30:11,489 INFO     viewpane] drawing pad
[2023-09-28 14:30:13,193 INFO     viewpane] calling draw!
[2023-09-28 14:30:13,239 INFO     viewpane] writing 1305 lines into pad
[2023-09-28 14:30:13,558 INFO     viewpane] drawing pad
[2023-09-28 14:30:15,263 INFO     viewpane] calling draw!
[2023-09-28 14:30:15,294 INFO     viewpane] writing 1305 lines into pad
[2023-09-28 14:30:15,589 INFO     viewpane] drawing pad
[2023-09-28 14:30:17,294 INFO     viewpane] calling draw!
[2023-09-28 14:30:17,368 INFO     viewpane] writing 1305 lines into pad
[2023-09-28 14:30:17,742 INFO     viewpane] drawing pad
[2023-09-28 14:30:19,346 INFO     viewpane] calling draw!
[2023-09-28 14:30:19,408 INFO     viewpane] writing 1305 lines into pad
[2023-09-28 14:30:19,692 INFO     viewpane] drawing pad
[2023-09-28 14:30:21,397 INFO     viewpane] calling draw!
[2023-09-28 14:30:21,437 INFO     viewpane] writing 1305 lines into pad
[2023-09-28 14:30:21,708 INFO     viewpane] drawing pad
[2023-09-28 14:30:23,424 INFO     viewpane] calling draw!
[2023-09-28 14:30:23,460 INFO     viewpane] writing 1305 lines into pad
[2023-09-28 14:30:23,850 INFO     viewpane] drawing pad
[2023-09-28 14:30:25,455 INFO     viewpane] calling draw!
[2023-09-28 14:30:25,488 INFO     viewpane] writing 1305 lines into pad
[2023-09-28 14:30:25,762 INFO     viewpane] drawing pad
[2023-09-28 14:30:27,466 INFO     viewpane] calling draw!
[2023-09-28 14:30:27,495 INFO     viewpane] writing 1305 lines into pad
[2023-09-28 14:30:27,836 INFO     viewpane] drawing pad
[2023-09-28 14:30:29,542 INFO     viewpane] calling draw!
[2023-09-28 14:30:29,574 INFO     viewpane] writing 1305 lines into pad
[2023-09-28 14:30:29,869 INFO     viewpane] drawing pad
[2023-09-28 14:30:31,574 INFO     viewpane] calling draw!
[2023-09-28 14:30:31,609 INFO     viewpane] writing 1305 lines into pad
[2023-09-28 14:30:31,893 INFO     viewpane] drawing pad
[2023-09-28 14:30:33,598 INFO     viewpane] calling draw!
[2023-09-28 14:30:33,636 INFO     viewpane] writing 1305 lines into pad
[2023-09-28 14:30:33,946 INFO     viewpane] drawing pad
[2023-09-28 14:30:35,655 INFO     viewpane] calling draw!
[2023-09-28 14:30:35,701 INFO     viewpane] writing 1305 lines into pad
[2023-09-28 14:30:36,029 INFO     viewpane] drawing pad
[2023-09-28 14:30:37,734 INFO     viewpane] calling draw!
[2023-09-28 14:30:37,766 INFO     viewpane] writing 1305 lines into pad
[2023-09-28 14:30:38,167 INFO     viewpane] drawing pad
[2023-09-28 14:30:39,772 INFO     viewpane] calling draw!
[2023-09-28 14:30:39,845 INFO     viewpane] writing 1305 lines into pad
[2023-09-28 14:30:40,216 INFO     viewpane] drawing pad
[2023-09-28 14:30:41,821 INFO     viewpane] calling draw!
[2023-09-28 14:30:41,849 INFO     viewpane] writing 1305 lines into pad
[2023-09-28 14:30:42,137 INFO     viewpane] drawing pad
[2023-09-28 14:30:43,841 INFO     viewpane] calling draw!
[2023-09-28 14:30:43,872 INFO     viewpane] writing 1305 lines into pad
[2023-09-28 14:30:44,180 INFO     viewpane] drawing pad
[2023-09-28 14:30:45,887 INFO     viewpane] calling draw!
[2023-09-28 14:30:45,922 INFO     viewpane] writing 1305 lines into pad
[2023-09-28 14:30:46,203 INFO     viewpane] drawing pad
[2023-09-28 14:30:47,920 INFO     viewpane] calling draw!
[2023-09-28 14:30:47,956 INFO     viewpane] writing 1305 lines into pad
[2023-09-28 14:30:48,392 INFO     viewpane] drawing pad
[2023-09-28 14:30:49,997 INFO     viewpane] calling draw!
[2023-09-28 14:30:50,033 INFO     viewpane] writing 1305 lines into pad
[2023-09-28 14:30:50,406 INFO     viewpane] drawing pad
[2023-09-28 14:30:52,011 INFO     viewpane] calling draw!
[2023-09-28 14:30:52,058 INFO     viewpane] writing 1305 lines into pad
[2023-09-28 14:30:52,315 INFO     viewpane] drawing pad
[2023-09-28 14:30:54,019 INFO     viewpane] calling draw!
[2023-09-28 14:30:54,059 INFO     viewpane] writing 1305 lines into pad
[2023-09-28 14:30:54,342 INFO     viewpane] drawing pad
[2023-09-28 14:30:56,047 INFO     viewpane] calling draw!
[2023-09-28 14:30:56,079 INFO     viewpane] writing 1305 lines into pad
[2023-09-28 14:30:56,372 INFO     viewpane] drawing pad
[2023-09-28 14:30:58,077 INFO     viewpane] calling draw!
[2023-09-28 14:30:58,112 INFO     viewpane] writing 1305 lines into pad
[2023-09-28 14:30:58,386 INFO     viewpane] drawing pad
[2023-09-28 14:31:00,090 INFO     viewpane] calling draw!
[2023-09-28 14:31:00,123 INFO     viewpane] writing 1305 lines into pad
[2023-09-28 14:31:00,416 INFO     viewpane] drawing pad
[2023-09-28 14:31:02,120 INFO     viewpane] calling draw!
[2023-09-28 14:31:02,165 INFO     viewpane] writing 1305 lines into pad
[2023-09-28 14:31:02,504 INFO     viewpane] drawing pad
[2023-09-28 14:31:04,212 INFO     viewpane] calling draw!
[2023-09-28 14:31:04,266 INFO     viewpane] writing 1305 lines into pad
[2023-09-28 14:31:04,729 INFO     viewpane] drawing pad
[2023-09-28 14:31:06,234 INFO     viewpane] calling draw!
[2023-09-28 14:31:06,280 INFO     viewpane] writing 1305 lines into pad
[2023-09-28 14:31:06,547 INFO     viewpane] drawing pad
[2023-09-28 14:31:08,254 INFO     viewpane] calling draw!
[2023-09-28 14:31:08,290 INFO     viewpane] writing 1305 lines into pad
[2023-09-28 14:31:08,611 INFO     viewpane] drawing pad
[2023-09-28 14:31:10,316 INFO     viewpane] calling draw!
[2023-09-28 14:31:10,351 INFO     viewpane] writing 1305 lines into pad
[2023-09-28 14:31:10,643 INFO     viewpane] drawing pad
[2023-09-28 14:31:12,347 INFO     viewpane] calling draw!
[2023-09-28 14:31:12,392 INFO     viewpane] writing 1305 lines into pad
[2023-09-28 14:31:12,667 INFO     viewpane] drawing pad
[2023-09-28 14:31:14,372 INFO     viewpane] calling draw!
[2023-09-28 14:31:14,413 INFO     viewpane] writing 1305 lines into pad
[2023-09-28 14:31:14,705 INFO     viewpane] drawing pad
[2023-09-28 14:31:16,409 INFO     viewpane] calling draw!
[2023-09-28 14:31:16,447 INFO     viewpane] writing 1305 lines into pad
[2023-09-28 14:31:16,836 INFO     viewpane] drawing pad
[2023-09-28 14:31:18,442 INFO     viewpane] calling draw!
[2023-09-28 14:31:18,480 INFO     viewpane] writing 1305 lines into pad
[2023-09-28 14:31:18,859 INFO     viewpane] drawing pad
[2023-09-28 14:31:20,150 INFO     viewpane] stopping
